[    0.000000] Linux version 4.15.0-204-generic (buildd@lcy02-amd64-030) (gcc version 7.5.0 (Ubuntu 7.5.0-3ubuntu1~18.04)) #215-Ubuntu SMP Fri Jan 20 18:24:59 UTC 2023 (Ubuntu 4.15.0-204.215-generic 4.15.18)
[    0.000000] Command line: BOOT_IMAGE=/boot/vmlinuz-4.15.0-204-generic root=LABEL=cloudimg-rootfs ro console=tty1 console=ttyS0
[    0.000000] KERNEL supported cpus:
[    0.000000]   Intel GenuineIntel
[    0.000000]   AMD AuthenticAMD
[    0.000000]   Centaur CentaurHauls
[    0.000000] [Firmware Bug]: TSC doesn't count with P0 frequency!
[    0.000000] x86/fpu: x87 FPU will use FXSAVE
[    0.000000] e820: BIOS-provided physical RAM map:
[    0.000000] BIOS-e820: [mem 0x0000000000000000-0x000000000009fbff] usable
[    0.000000] BIOS-e820: [mem 0x000000000009fc00-0x000000000009ffff] reserved
[    0.000000] BIOS-e820: [mem 0x00000000000f0000-0x00000000000fffff] reserved
[    0.000000] BIOS-e820: [mem 0x0000000000100000-0x000000003ffeffff] usable
[    0.000000] BIOS-e820: [mem 0x000000003fff0000-0x000000003fffffff] ACPI data
[    0.000000] BIOS-e820: [mem 0x00000000fec00000-0x00000000fec00fff] reserved
[    0.000000] BIOS-e820: [mem 0x00000000fee00000-0x00000000fee00fff] reserved
[    0.000000] BIOS-e820: [mem 0x00000000fffc0000-0x00000000ffffffff] reserved
[    0.000000] NX (Execute Disable) protection: active
[    0.000000] SMBIOS 2.5 present.
[    0.000000] DMI: innotek GmbH VirtualBox/VirtualBox, BIOS VirtualBox 12/01/2006
[    0.000000] Hypervisor detected: KVM
[    0.000000] e820: last_pfn = 0x3fff0 max_arch_pfn = 0x400000000
[    0.000000] MTRR: Disabled
[    0.000000] x86/PAT: MTRRs disabled, skipping PAT initialization too.
[    0.000000] CPU MTRRs all blank - virtualized system.
[    0.000000] x86/PAT: Configuration [0-7]: WB  WT  UC- UC  WB  WT  UC- UC  
[    0.000000] found SMP MP-table at [mem 0x0009fff0-0x0009ffff]
[    0.000000] Scanning 1 areas for low memory corruption
[    0.000000] RAMDISK: [mem 0x359cb000-0x36cdcfff]
[    0.000000] ACPI: Early table checksum verification disabled
[    0.000000] ACPI: RSDP 0x00000000000E0000 000024 (v02 VBOX  )
[    0.000000] ACPI: XSDT 0x000000003FFF0030 00003C (v01 VBOX   VBOXXSDT 00000001 ASL  00000061)
[    0.000000] ACPI: FACP 0x000000003FFF00F0 0000F4 (v04 VBOX   VBOXFACP 00000001 ASL  00000061)
[    0.000000] ACPI: DSDT 0x000000003FFF0610 002353 (v02 VBOX   VBOXBIOS 00000002 INTL 20100528)
[    0.000000] ACPI: FACS 0x000000003FFF0200 000040
[    0.000000] ACPI: FACS 0x000000003FFF0200 000040
[    0.000000] ACPI: APIC 0x000000003FFF0240 00005C (v02 VBOX   VBOXAPIC 00000001 ASL  00000061)
[    0.000000] ACPI: SSDT 0x000000003FFF02A0 00036C (v01 VBOX   VBOXCPUT 00000002 INTL 20100528)
[    0.000000] ACPI: Reserving FACP table memory at [mem 0x3fff00f0-0x3fff01e3]
[    0.000000] ACPI: Reserving DSDT table memory at [mem 0x3fff0610-0x3fff2962]
[    0.000000] ACPI: Reserving FACS table memory at [mem 0x3fff0200-0x3fff023f]
[    0.000000] ACPI: Reserving FACS table memory at [mem 0x3fff0200-0x3fff023f]
[    0.000000] ACPI: Reserving APIC table memory at [mem 0x3fff0240-0x3fff029b]
[    0.000000] ACPI: Reserving SSDT table memory at [mem 0x3fff02a0-0x3fff060b]
[    0.000000] No NUMA configuration found
[    0.000000] Faking a node at [mem 0x0000000000000000-0x000000003ffeffff]
[    0.000000] NODE_DATA(0) allocated [mem 0x3ffc5000-0x3ffeffff]
[    0.000000] kvm-clock: cpu 0, msr 0:3ff44001, primary cpu clock
[    0.000000] kvm-clock: Using msrs 4b564d01 and 4b564d00
[    0.000000] kvm-clock: using sched offset of 3724527779 cycles
[    0.000000] clocksource: kvm-clock: mask: 0xffffffffffffffff max_cycles: 0x1cd42e4dffb, max_idle_ns: 881590591483 ns
[    0.000000] Zone ranges:
[    0.000000]   DMA      [mem 0x0000000000001000-0x0000000000ffffff]
[    0.000000]   DMA32    [mem 0x0000000001000000-0x000000003ffeffff]
[    0.000000]   Normal   empty
[    0.000000]   Device   empty
[    0.000000] Movable zone start for each node
[    0.000000] Early memory node ranges
[    0.000000]   node   0: [mem 0x0000000000001000-0x000000000009efff]
[    0.000000]   node   0: [mem 0x0000000000100000-0x000000003ffeffff]
[    0.000000] Reserved but unavailable: 104 pages
[    0.000000] Initmem setup node 0 [mem 0x0000000000001000-0x000000003ffeffff]
[    0.000000] ACPI: PM-Timer IO Port: 0x4008
[    0.000000] IOAPIC[0]: apic_id 2, version 32, address 0xfec00000, GSI 0-23
[    0.000000] ACPI: INT_SRC_OVR (bus 0 bus_irq 0 global_irq 2 dfl dfl)
[    0.000000] ACPI: INT_SRC_OVR (bus 0 bus_irq 9 global_irq 9 low level)
[    0.000000] Using ACPI (MADT) for SMP configuration information
[    0.000000] smpboot: Allowing 2 CPUs, 0 hotplug CPUs
[    0.000000] PM: Registered nosave memory: [mem 0x00000000-0x00000fff]
[    0.000000] PM: Registered nosave memory: [mem 0x0009f000-0x0009ffff]
[    0.000000] PM: Registered nosave memory: [mem 0x000a0000-0x000effff]
[    0.000000] PM: Registered nosave memory: [mem 0x000f0000-0x000fffff]
[    0.000000] e820: [mem 0x40000000-0xfebfffff] available for PCI devices
[    0.000000] Booting paravirtualized kernel on KVM
[    0.000000] clocksource: refined-jiffies: mask: 0xffffffff max_cycles: 0xffffffff, max_idle_ns: 7645519600211568 ns
[    0.000000] setup_percpu: NR_CPUS:8192 nr_cpumask_bits:2 nr_cpu_ids:2 nr_node_ids:1
[    0.000000] percpu: Embedded 50 pages/cpu s167936 r8192 d28672 u1048576
[    0.000000] PV qspinlock hash table entries: 256 (order: 0, 4096 bytes)
[    0.000000] Built 1 zonelists, mobility grouping on.  Total pages: 257913
[    0.000000] Policy zone: DMA32
[    0.000000] Kernel command line: BOOT_IMAGE=/boot/vmlinuz-4.15.0-204-generic root=LABEL=cloudimg-rootfs ro console=tty1 console=ttyS0
[    0.000000] Memory: 982644K/1048120K available (12300K kernel code, 2477K rwdata, 4324K rodata, 2480K init, 2720K bss, 65476K reserved, 0K cma-reserved)
[    0.000000] SLUB: HWalign=64, Order=0-3, MinObjects=0, CPUs=2, Nodes=1
[    0.000000] ftrace: allocating 39488 entries in 155 pages
[    0.004000] Hierarchical RCU implementation.
[    0.004000] 	RCU restricting CPUs from NR_CPUS=8192 to nr_cpu_ids=2.
[    0.004000] 	Tasks RCU enabled.
[    0.004000] RCU: Adjusting geometry for rcu_fanout_leaf=16, nr_cpu_ids=2
[    0.004000] NR_IRQS: 524544, nr_irqs: 440, preallocated irqs: 16
[    0.004000] random: crng init done
[    0.004000] Console: colour VGA+ 80x25
[    0.004000] console [tty1] enabled
[    0.004000] console [ttyS0] enabled
[    0.004000] ACPI: Core revision 20170831
[    0.004000] ACPI: 2 ACPI AML tables successfully acquired and loaded
[    0.004000] APIC: Switch to symmetric I/O mode setup
[    0.004000] ..TIMER: vector=0x30 apic1=0 pin1=2 apic2=-1 pin2=-1
[    0.004000] tsc: Detected 3692.934 MHz processor
[    0.004000] Calibrating delay loop (skipped) preset value.. 7385.86 BogoMIPS (lpj=14771736)
[    0.004000] pid_max: default: 32768 minimum: 301
[    0.004000] Security Framework initialized
[    0.004000] Yama: becoming mindful.
[    0.004108] AppArmor: AppArmor initialized
[    0.016835] Dentry cache hash table entries: 131072 (order: 8, 1048576 bytes)
[    0.021839] Inode-cache hash table entries: 65536 (order: 7, 524288 bytes)
[    0.024079] Mount-cache hash table entries: 2048 (order: 2, 16384 bytes)
[    0.028076] Mountpoint-cache hash table entries: 2048 (order: 2, 16384 bytes)
[    0.033192] Last level iTLB entries: 4KB 1024, 2MB 1024, 4MB 512
[    0.036004] Last level dTLB entries: 4KB 2048, 2MB 2048, 4MB 1024, 1GB 0
[    0.040005] Spectre V1 : Mitigation: usercopy/swapgs barriers and __user pointer sanitization
[    0.044006] Spectre V2 : Mitigation: Retpolines
[    0.048002] Spectre V2 : Spectre v2 / SpectreRSB mitigation: Filling RSB on context switch
[    0.052006] Spectre V2 : Spectre v2 / SpectreRSB : Filling RSB on VMEXIT
[    0.056005] RETBleed: Vulnerable
[    0.060153] Freeing SMP alternatives memory: 36K
[    0.177246] smpboot: CPU0: AMD Ryzen 5 PRO 4650G with Radeon Graphics (family: 0x17, model: 0x60, stepping: 0x1)
[    0.184109] Performance Events: PMU not available due to virtualization, using software events only.
[    0.192096] Hierarchical SRCU implementation.
[    0.196750] NMI watchdog: Perf event create on CPU 0 failed with -2
[    0.200006] NMI watchdog: Perf NMI watchdog permanently disabled
[    0.204341] smp: Bringing up secondary CPUs ...
[    0.212116] x86: Booting SMP configuration:
[    0.215715] .... node  #0, CPUs:      #1
[    0.004000] kvm-clock: cpu 1, msr 0:3ff44041, secondary cpu clock
[    0.224000] TSC synchronization [CPU#0 -> CPU#1]:
[    0.224000] Measured 89865 cycles TSC warp between CPUs, turning off TSC clock.
[    0.224000] tsc: Marking TSC unstable due to check_tsc_sync_source failed
[    0.228218] smp: Brought up 1 node, 2 CPUs
[    0.232072] smpboot: Max logical packages: 1
[    0.235584] smpboot: Total of 2 processors activated (14771.73 BogoMIPS)
[    0.236567] devtmpfs: initialized
[    0.240317] x86/mm: Memory block size: 128MB
[    0.244415] evm: security.selinux
[    0.248002] evm: security.SMACK64
[    0.252003] evm: security.SMACK64EXEC
[    0.256002] evm: security.SMACK64TRANSMUTE
[    0.260002] evm: security.SMACK64MMAP
[    0.268002] evm: security.apparmor
[    0.272002] evm: security.ima
[    0.272002] evm: security.capability
[    0.280392] clocksource: jiffies: mask: 0xffffffff max_cycles: 0xffffffff, max_idle_ns: 7645041785100000 ns
[    0.284106] futex hash table entries: 512 (order: 3, 32768 bytes)
[    0.288167] pinctrl core: initialized pinctrl subsystem
[    0.292522] RTC time: 20:30:05, date: 02/16/23
[    0.296931] NET: Registered protocol family 16
[    0.300129] audit: initializing netlink subsys (disabled)
[    0.308095] audit: type=2000 audit(1676579410.635:1): state=initialized audit_enabled=0 res=1
[    0.312140] cpuidle: using governor ladder
[    0.316216] cpuidle: using governor menu
[    0.325701] ACPI: bus type PCI registered
[    0.328005] acpiphp: ACPI Hot Plug PCI Controller Driver version: 0.5
[    0.336499] PCI: Using configuration type 1 for base access
[    0.344002] PCI: Using configuration type 1 for extended access
[    0.352282] HugeTLB registered 2.00 MiB page size, pre-allocated 0 pages
[    0.360348] ACPI: Added _OSI(Module Device)
[    0.364010] ACPI: Added _OSI(Processor Device)
[    0.368010] ACPI: Added _OSI(3.0 _SCP Extensions)
[    0.372005] ACPI: Added _OSI(Processor Aggregator Device)
[    0.376005] ACPI: Added _OSI(Linux-Dell-Video)
[    0.380006] ACPI: Added _OSI(Linux-Lenovo-NV-HDMI-Audio)
[    0.384003] ACPI: Added _OSI(Linux-HPI-Hybrid-Graphics)
[    0.388803] ACPI: Executed 1 blocks of module-level executable AML code
[    0.401243] ACPI: Interpreter enabled
[    0.404023] ACPI: (supports S0 S5)
[    0.407000] ACPI: Using IOAPIC for interrupt routing
[    0.412304] PCI: Using host bridge windows from ACPI; if necessary, use "pci=nocrs" and report a bug
[    0.416250] ACPI: Enabled 2 GPEs in block 00 to 07
[    0.433224] ACPI: PCI Root Bridge [PCI0] (domain 0000 [bus 00-ff])
[    0.436007] acpi PNP0A03:00: _OSC: OS supports [ExtendedConfig ASPM ClockPM Segments MSI]
[    0.445496] acpi PNP0A03:00: _OSC: platform does not support [PCIeCapability]
[    0.452747] acpi PNP0A03:00: _OSC: not requesting control; platform does not support [PCIeCapability]
[    0.460006] acpi PNP0A03:00: _OSC: OS requested [PCIeHotplug PME AER PCIeCapability]
[    0.464006] acpi PNP0A03:00: _OSC: platform willing to grant [PCIeHotplug PME AER]
[    0.472004] acpi PNP0A03:00: _OSC failed (AE_SUPPORT); disabling ASPM
[    0.476758] PCI host bridge to bus 0000:00
[    0.480006] pci_bus 0000:00: root bus resource [io  0x0000-0x0cf7 window]
[    0.488009] pci_bus 0000:00: root bus resource [io  0x0d00-0xffff window]
[    0.492006] pci_bus 0000:00: root bus resource [mem 0x000a0000-0x000bffff window]
[    0.500007] pci_bus 0000:00: root bus resource [mem 0x40000000-0xfdffffff window]
[    0.504006] pci_bus 0000:00: root bus resource [bus 00-ff]
[    0.517437] pci 0000:00:01.1: legacy IDE quirk: reg 0x10: [io  0x01f0-0x01f7]
[    0.520004] pci 0000:00:01.1: legacy IDE quirk: reg 0x14: [io  0x03f6]
[    0.528004] pci 0000:00:01.1: legacy IDE quirk: reg 0x18: [io  0x0170-0x0177]
[    0.532004] pci 0000:00:01.1: legacy IDE quirk: reg 0x1c: [io  0x0376]
[    0.557538] pci 0000:00:07.0: quirk: [io  0x4000-0x403f] claimed by PIIX4 ACPI
[    0.560038] pci 0000:00:07.0: quirk: [io  0x4100-0x410f] claimed by PIIX4 SMB
[    0.575927] ACPI: PCI Interrupt Link [LNKA] (IRQs 5 9 10 *11)
[    0.580561] ACPI: PCI Interrupt Link [LNKB] (IRQs 5 9 *10 11)
[    0.584201] ACPI: PCI Interrupt Link [LNKC] (IRQs 5 *9 10 11)
[    0.588219] ACPI: PCI Interrupt Link [LNKD] (IRQs 5 9 10 *11)
[    0.596582] SCSI subsystem initialized
[    0.600175] pci 0000:00:02.0: vgaarb: setting as boot VGA device
[    0.604000] pci 0000:00:02.0: vgaarb: VGA device added: decodes=io+mem,owns=io+mem,locks=none
[    0.612005] pci 0000:00:02.0: vgaarb: bridge control possible
[    0.616003] vgaarb: loaded
[    0.618569] ACPI: bus type USB registered
[    0.620032] usbcore: registered new interface driver usbfs
[    0.628043] usbcore: registered new interface driver hub
[    0.632048] usbcore: registered new device driver usb
[    0.636189] EDAC MC: Ver: 3.0.0
[    0.640699] PCI: Using ACPI for IRQ routing
[    0.644851] NetLabel: Initializing
[    0.648003] NetLabel:  domain hash size = 128
[    0.652007] NetLabel:  protocols = UNLABELED CIPSOv4 CALIPSO
[    0.656046] NetLabel:  unlabeled traffic allowed by default
[    0.664383] clocksource: Switched to clocksource kvm-clock
[    0.700303] VFS: Disk quotas dquot_6.6.0
[    0.709427] VFS: Dquot-cache hash table entries: 512 (order 0, 4096 bytes)
[    0.713354] AppArmor: AppArmor Filesystem Enabled
[    0.713354] pnp: PnP ACPI init
[    0.722660] pnp: PnP ACPI: found 3 devices
[    0.760895] clocksource: acpi_pm: mask: 0xffffff max_cycles: 0xffffff, max_idle_ns: 2085701024 ns
[    0.764255] NET: Registered protocol family 2
[    0.764255] IP idents hash table entries: 16384 (order: 5, 131072 bytes)
[    0.776606] TCP established hash table entries: 8192 (order: 4, 65536 bytes)
[    0.782240] TCP bind hash table entries: 8192 (order: 5, 131072 bytes)
[    0.785962] TCP: Hash tables configured (established 8192 bind 8192)
[    0.785962] UDP hash table entries: 512 (order: 2, 16384 bytes)
[    0.785962] UDP-Lite hash table entries: 512 (order: 2, 16384 bytes)
[    0.785962] NET: Registered protocol family 1
[    0.785962] pci 0000:00:00.0: Limiting direct PCI/PCI transfers
[    0.785962] pci 0000:00:01.0: Activating ISA DMA hang workarounds
[    0.785962] pci 0000:00:02.0: Video device with shadowed ROM at [mem 0x000c0000-0x000dffff]
[    0.785962] Unpacking initramfs...
[    1.259116] Freeing initrd memory: 19528K
[    1.262402] clocksource: tsc: mask: 0xffffffffffffffff max_cycles: 0x6a768650af8, max_idle_ns: 881590553538 ns
[    1.270062] platform rtc_cmos: registered platform RTC device (no PNP device found)
[    1.275805] Scanning for low memory corruption every 60 seconds
[    1.281755] Initialise system trusted keyrings
[    1.285302] Key type blacklist registered
[    1.289170] workingset: timestamp_bits=36 max_order=18 bucket_order=0
[    1.296445] zbud: loaded
[    1.299650] squashfs: version 4.0 (2009/01/31) Phillip Lougher
[    1.305239] fuse init (API version 7.26)
[    1.334155] Key type asymmetric registered
[    1.337793] Asymmetric key parser 'x509' registered
[    1.341924] Block layer SCSI generic (bsg) driver version 0.4 loaded (major 246)
[    1.348521] io scheduler noop registered
[    1.351892] io scheduler deadline registered
[    1.355673] io scheduler cfq registered (default)
[    1.360442] ACPI: AC Adapter [AC] (on-line)
[    1.363974] input: Power Button as /devices/LNXSYSTM:00/LNXPWRBN:00/input/input0
[    1.370210] ACPI: Power Button [PWRF]
[    1.373812] input: Sleep Button as /devices/LNXSYSTM:00/LNXSLPBN:00/input/input1
[    1.379769] ACPI: Sleep Button [SLPF]
[    1.384313] Serial: 8250/16550 driver, 32 ports, IRQ sharing enabled
[    1.415951] 00:02: ttyS0 at I/O 0x3f8 (irq = 4, base_baud = 115200) is a 16550A
[    1.436478] Linux agpgart interface v0.103
[    1.448235] loop: module loaded
[    1.453773] scsi host0: ata_piix
[    1.458057] scsi host1: ata_piix
[    1.460827] ata1: PATA max UDMA/33 cmd 0x1f0 ctl 0x3f6 bmdma 0xd000 irq 14
[    1.465967] ata2: PATA max UDMA/33 cmd 0x170 ctl 0x376 bmdma 0xd008 irq 15
[    1.472540] tun: Universal TUN/TAP device driver, 1.6
[    1.477009] PPP generic driver version 2.4.2
[    1.480744] ehci_hcd: USB 2.0 'Enhanced' Host Controller (EHCI) Driver
[    1.485726] ehci-pci: EHCI PCI platform driver
[    1.489187] ehci-platform: EHCI generic platform driver
[    1.493380] ohci_hcd: USB 1.1 'Open' Host Controller (OHCI) Driver
[    1.497322] ohci-pci: OHCI PCI platform driver
[    1.501868] ohci-platform: OHCI generic platform driver
[    1.505925] uhci_hcd: USB Universal Host Controller Interface driver
[    1.510902] i8042: PNP: PS/2 Controller [PNP0303:PS2K,PNP0f03:PS2M] at 0x60,0x64 irq 1,12
[    1.519740] serio: i8042 KBD port at 0x60,0x64 irq 1
[    1.523715] serio: i8042 AUX port at 0x60,0x64 irq 12
[    1.528395] mousedev: PS/2 mouse device common for all mice
[    1.535413] input: AT Translated Set 2 keyboard as /devices/platform/i8042/serio0/input/input2
[    1.536139] rtc_cmos rtc_cmos: rtc core: registered rtc_cmos as rtc0
[    1.547900] rtc_cmos rtc_cmos: alarms up to one day, 114 bytes nvram
[    1.553247] i2c /dev entries driver
[    1.556414] device-mapper: uevent: version 1.0.3
[    1.560712] device-mapper: ioctl: 4.37.0-ioctl (2017-09-20) initialised: dm-devel@redhat.com
[    1.567677] ledtrig-cpu: registered to indicate activity on CPUs
[    1.574826] NET: Registered protocol family 10
[    1.588440] Segment Routing with IPv6
[    1.591589] NET: Registered protocol family 17
[    1.595763] Key type dns_resolver registered
[    1.600390] mce: Using 0 MCE banks
[    1.602983] RAS: Correctable Errors collector initialized.
[    1.607165] sched_clock: Marking stable (1607083203, 0)->(2174572768, -567489565)
[    1.615448] registered taskstats version 1
[    1.618831] Loading compiled-in X.509 certificates
[    1.626468] Loaded X.509 cert 'Build time autogenerated kernel key: 449f52b446813ee48ad446aa51a5377584e80c28'
[    1.634488] Loaded X.509 cert 'Canonical Ltd. Live Patch Signing: 14df34d1a87cf37625abec039ef2bf521249b969'
[    1.642217] Loaded X.509 cert 'Canonical Ltd. Kernel Module Signing: 88f752e560a1e0737e31163a466ad7b70a850c19'
[    1.649699] blacklist: Loading compiled-in revocation X.509 certificates
[    1.654909] Loaded X.509 cert 'Canonical Ltd. Secure Boot Signing: 61482aa2830d0ab2ad5af10b7250da9033ddcef0'
[    1.662643] Loaded X.509 cert 'Canonical Ltd. Secure Boot Signing (2017): 242ade75ac4a15e50d50c84b0d45ff3eae707a03'
[    1.670642] Loaded X.509 cert 'Canonical Ltd. Secure Boot Signing (ESM 2018): 365188c1d374d6b07c3c8f240f8ef722433d6a8b'
[    1.678852] Loaded X.509 cert 'Canonical Ltd. Secure Boot Signing (2019): c0746fd6c5da3ae827864651ad66ae47fe24b3e8'
[    1.686820] Loaded X.509 cert 'Canonical Ltd. Secure Boot Signing (2021 v1): a8d54bbb3825cfb94fa13c9f8a594a195c107b8d'
[    1.694746] Loaded X.509 cert 'Canonical Ltd. Secure Boot Signing (2021 v2): 4cf046892d6fd3c9a5b03f98d845f90851dc6a8c'
[    1.702701] Loaded X.509 cert 'Canonical Ltd. Secure Boot Signing (2021 v3): 100437bb6de6e469b581e61cd66bce3ef4ed53af'
[    1.711048] Loaded X.509 cert 'Canonical Ltd. Secure Boot Signing (Ubuntu Core 2019): c1d57b8f6b743f23ee41f4f7ee292f06eecadfb9'
[    1.719678] zswap: loaded using pool lzo/zbud
[    1.732265] Key type big_key registered
[    1.735266] Key type trusted registered
[    1.742029] Key type encrypted registered
[    1.745206] AppArmor: AppArmor sha1 policy hashing enabled
[    1.749522] ima: No TPM chip found, activating TPM-bypass! (rc=-19)
[    1.754463] ima: Allocated hash algorithm: sha1
[    1.758082] evm: HMAC attrs: 0x1
[    1.761234]   Magic number: 11:776:548
[    1.764068] tty ttyS24: hash matches
[    1.767794] rtc_cmos rtc_cmos: setting system clock to 2023-02-16 20:30:07 UTC (1676579407)
[    1.774419] BIOS EDD facility v0.16 2004-Jun-25, 0 devices found
[    1.778934] EDD information not available.
[    1.785294] Freeing unused kernel image memory: 2480K
[    1.808380] Write protecting the kernel read-only data: 20480k
[    1.814075] Freeing unused kernel image memory: 2008K
[    1.818349] Freeing unused kernel image memory: 1820K
[    1.828211] x86/mm: Checked W+X mappings: passed, no W+X pages found.
Loading, please wait...
starting version 237
[    1.890799] e1000: Intel(R) PRO/1000 Network Driver - version 7.3.21-k8-NAPI
[    1.896347] e1000: Copyright (c) 1999-2006 Intel Corporation.
[    1.925958] Fusion MPT base driver 3.04.20
[    1.929708] Copyright (c) 1999-2008 LSI Corporation
[    1.937192] SSE version of gcm_enc/dec engaged.
[    1.946652] Fusion MPT SPI Host driver 3.04.20
[    2.174316] input: ImExPS/2 Generic Explorer Mouse as /devices/platform/i8042/serio1/input/input4
[    2.704008] e1000 0000:00:03.0 eth0: (PCI:33MHz:32-bit) 02:1d:71:e8:cf:d1
[    2.708944] e1000 0000:00:03.0 eth0: Intel(R) PRO/1000 Network Connection
[    2.717341] e1000 0000:00:03.0 enp0s3: renamed from eth0
[    2.717585] mptbase: ioc0: Initiating bringup
[    2.834438] ioc0: LSI53C1030 A0: Capabilities={Initiator}
[    3.087017] scsi host2: ioc0: LSI53C1030 A0, FwRev=00000000h, Ports=1, MaxQ=256, IRQ=20
[    3.261370] scsi 2:0:0:0: Direct-Access     VBOX     HARDDISK         1.0  PQ: 0 ANSI: 5
[    3.296965] scsi target2:0:0: Beginning Domain Validation
[    3.306966] scsi target2:0:0: Domain Validation skipping write tests
[    3.312166] scsi target2:0:0: Ending Domain Validation
[    3.316412] scsi target2:0:0: asynchronous
[    3.321146] scsi 2:0:1:0: Direct-Access     VBOX     HARDDISK         1.0  PQ: 0 ANSI: 5
[    3.660921] scsi target2:0:1: Beginning Domain Validation
[    3.671185] scsi target2:0:1: Domain Validation skipping write tests
[    3.676350] scsi target2:0:1: Ending Domain Validation
[    3.681059] scsi target2:0:1: asynchronous
[    3.693057] sd 2:0:0:0: Attached scsi generic sg0 type 0
[    3.698642] sd 2:0:1:0: Attached scsi generic sg1 type 0
[    3.698746] sd 2:0:0:0: [sda] 83886080 512-byte logical blocks: (42.9 GB/40.0 GiB)
[    3.708579] sd 2:0:1:0: [sdb] 20480 512-byte logical blocks: (10.5 MB/10.0 MiB)
[    3.715143] sd 2:0:0:0: [sda] Write Protect is off
[    3.715444] sd 2:0:1:0: [sdb] Write Protect is off
[    3.724144] sd 2:0:1:0: [sdb] Incomplete mode parameter data
[    3.724189] sd 2:0:0:0: [sda] Incomplete mode parameter data
[    3.728339] sd 2:0:1:0: [sdb] Assuming drive cache: write through
[    3.733534] sd 2:0:0:0: [sda] Assuming drive cache: write through
[    3.748483]  sda: sda1
[    3.748643] sd 2:0:1:0: [sdb] Attached SCSI disk
[    3.757200] sd 2:0:0:0: [sda] Attached SCSI disk
Begin: Loading essential drivers ... [    5.528550] raid6: sse2x1   gen()  8242 MB/s
[    5.576192] raid6: sse2x1   xor()  8252 MB/s
[    5.624807] raid6: sse2x2   gen() 16943 MB/s
[    5.672066] raid6: sse2x2   xor() 11045 MB/s
[    5.720165] raid6: sse2x4   gen() 17494 MB/s
[    5.768849] raid6: sse2x4   xor() 10490 MB/s
[    5.772611] raid6: using algorithm sse2x4 gen() 17494 MB/s
[    5.776744] raid6: .... xor() 10490 MB/s, rmw enabled
[    5.780676] raid6: using ssse3x2 recovery algorithm
[    5.785835] xor: measuring software checksum speed
[    5.828478]    prefetch64-sse: 23129.000 MB/sec
[    5.872417]    generic_sse: 18804.000 MB/sec
[    5.875832] xor: using function: prefetch64-sse (23129.000 MB/sec)
[    5.882392] async_tx: api initialized (async)
done.
Begin: Running /scripts/init-premount ... done.
Begin: Mounting root file system ... Begin: Running /scripts/local-top ... done.
Begin: Running /scripts/local-premount ... [    5.936695] Btrfs loaded, crc32c=crc32c-intel
Scanning for Btrfs filesystems
done.
Warning: fsck not present, so skipping root file system
[    5.984679] EXT4-fs (sda1): mounted filesystem with ordered data mode. Opts: (null)
done.
Begin: Running /scripts/local-bottom ... done.
Begin: Running /scripts/init-bottom ... done.
[    6.178600] ip_tables: (C) 2000-2006 Netfilter Core Team
[    6.198590] systemd[1]: systemd 237 running in system mode. (+PAM +AUDIT +SELINUX +IMA +APPARMOR +SMACK +SYSVINIT +UTMP +LIBCRYPTSETUP +GCRYPT +GNUTLS +ACL +XZ +LZ4 +SECCOMP +BLKID +ELFUTILS +KMOD -IDN2 +IDN -PCRE2 default-hierarchy=hybrid)
[    6.215090] systemd[1]: Detected virtualization oracle.
[    6.219535] systemd[1]: Detected architecture x86-64.

Welcome to [1mUbuntu 18.04.6 LTS[0m!

[    6.247302] systemd[1]: Set hostname to <ubuntu>.
[    6.256608] systemd[1]: Initializing machine ID from random generator.
[    6.261588] systemd[1]: Installed transient /etc/machine-id file.
[    6.575360] systemd[1]: Set up automount Arbitrary Executable File Formats File System Automount Point.
[[0;32m  OK  [0m] Set up automount Arbitrary Executab…rmats File System Automount Point.
[    6.585286] systemd[1]: Reached target User and Group Name Lookups.
[[0;32m  OK  [0m] Reached target User and Group Name Lookups.
[    6.592479] systemd[1]: Reached target System Time Synchronized.
[[0;32m  OK  [0m] Reached target System Time Synchronized.
[    6.598638] systemd[1]: Started Forward Password Requests to Wall Directory Watch.
[[0;32m  OK  [0m] Started Forward Password Requests to Wall Directory Watch.
[[0;32m  OK  [0m] Created slice System Slice.
[[0;32m  OK  [0m] Listening on Syslog Socket.
[[0;32m  OK  [0m] Listening on Device-mapper event daemon FIFOs.
[[0;32m  OK  [0m] Listening on fsck to fsckd communication Socket.
[[0;32m  OK  [0m] Listening on udev Kernel Socket.
[[0;32m  OK  [0m] Reached target Swap.
[[0;32m  OK  [0m] Listening on Journal Socket.
         Starting Set the console keyboard layout...
         Starting File System Check on Root Device...
         Mounting Kernel Debug File System...
         Mounting Huge Pages File System...
[[0;32m  OK  [0m] Listening on LVM2 metadata daemon socket.
[[0;32m  OK  [0m] Reached target Mounting snaps.
[[0;32m  OK  [0m] Reached target Mounted snaps.
[[0;32m  OK  [0m] Created slice User and Session Slice.
[[0;32m  OK  [0m] Created slice system-serial\x2dgetty.slice.
[[0;32m  OK  [0m] Listening on Journal Audit Socket.
[[0;32m  OK  [0m] Listening on Network Service Netlink Socket.
         Starting Create list of required st…ce nodes for the current kernel...
         Starting Monitoring of LVM2 mirrors…ng dmeventd or progress polling...
         Starting Uncomplicated firewall...
[[0;32m  OK  [0m] Listening on LVM2 poll daemon socket.
[[0;32m  OK  [0m] Listening on udev Control Socket.
         Starting udev Coldplug all Devices...
         Starting Load Kernel Modules...
         Mounting POSIX Message Queue File System...
[[0;32m  OK  [0m] Reached target Slices.
[[0;32m  OK  [0m] Listening on Journal Socket (/dev/log).
         Starting Journal Service...
[[0;32m  OK  [0m] Listening on /dev/initctl Compatibility Named Pipe.
[[0;32m  OK  [0m] Started File System Check on Root Device.
[[0;32m  OK  [0m] Mounted Kernel Debug File System.
[[0;32m  OK  [0m] Mounted Huge Pages File System.
[[0;32m  OK  [0m] Started Create list of required sta…vice nodes for the current kernel.
[[0;32m  OK  [0m] Started Uncomplicated firewall.
[[0;32m  OK  [0m] Mounted POSIX Message Queue File System.
[[0;32m  OK  [0m] Started File System Check Daemon to report status.
[[0;32m  OK  [0m] Started LVM2 metadata daemon.
         Starting Create Static Device Nodes in /dev...
         Starting Remount Root and Kernel File Systems...
[[0;32m  OK  [0m] Started udev Coldplug all Devices.
[[0;32m  OK  [0m] Started Create Static Device Nodes in /dev.
[[0;32m  OK  [0m] Started Journal Service.
[    6.857375] Loading iSCSI transport class v2.0-870.
[    6.868355] iscsi: registered transport (tcp)
[    6.889632] iscsi: registered transport (iser)
[[0;32m  OK  [0m] Started Load Kernel Modules.
         Mounting Kernel Configuration File System...
         Mounting FUSE Control File System...
         Starting Apply Kernel Variables...[    6.910443] EXT4-fs (sda1): re-mounted. Opts: (null)

[[0;32m  OK  [0m] Mounted Kernel Configuration File System.
[[0;32m  OK  [0m] Started Remount Root and Kernel File Systems.
[[0;32m  OK  [0m] Mounted FUSE Control File System.
         Starting Load/Save Random Seed...
         Starting udev Kernel Device Manager...
         Starting Flush Journal to Persistent Storage...
[[0;32m  OK  [0m] Started Monitoring of LVM2 mirrors,…sing dmeventd or progress polling.
[[0;32m  OK  [0m] Started Load/Save Random Seed.
[[0;32m  OK  [0m] Started Apply Kernel Variables.
[[0;32m  OK  [0m] Started udev Kernel Device Manager.
[[0;32m  OK  [0m] Started Flush Journal to Persistent Storage.
[[0;32m  OK  [0m] Found device /dev/ttyS0.
[[0;32m  OK  [0m] Listening on Load/Save RF Kill Switch Status /dev/rfkill Watch.
[[0;32m  OK  [0m] Started Set the console keyboard layout.
[[0;32m  OK  [0m] Reached target Local File Systems (Pre).
[[0;32m  OK  [0m] Reached target Local File Systems.
         Starting Commit a transient machine-id on disk...
         Starting AppArmor initialization...
         Starting Set console font and keymap...
         Starting Create Volatile Files and Directories...
         Starting Tell Plymouth To Write Out Runtime Data...
         Starting ebtables ruleset management...
[[0;32m  OK  [0m] Started Dispatch Password Requests to Console Directory Watch.
[[0;32m  OK  [0m] Reached target Local Encrypted Volumes.
[[0;32m  OK  [0m] Started Commit a transient machine-id on disk.
[[0;32m  OK  [0m] Started Create Volatile Files and Directories.
[[0;32m  OK  [0m] Started Tell Plymouth To Write Out Runtime Data.
         Mounting Arbitrary Executable File Formats File System...
         Starting Update UTMP about System Boot/Shutdown...
[[0;32m  OK  [0m] Started Update UTMP about System Boot/Shutdown.
[[0;32m  OK  [0m] Mounted Arbitrary Executable File Formats File System.
[[0;32m  OK  [0m] Started ebtables ruleset management.
[[0;32m  OK  [0m] Started AppArmor initialization.
         Starting Load AppArmor profiles managed internally by snapd...
         Starting Initial cloud-init job (pre-networking)...
[[0;32m  OK  [0m] Started Load AppArmor profiles managed internally by snapd.
[[0;32m  OK  [0m] Started Set console font and keymap.
[   10.031440] cloud-init[768]: Cloud-init v. 22.4.2-0ubuntu0~18.04.1 running 'init-local' at Thu, 16 Feb 2023 20:30:15 +0000. Up 9.73 seconds.
[[0;32m  OK  [0m] Started Initial cloud-init job (pre-networking).
[[0;32m  OK  [0m] Reached target Network (Pre).
         Starting Network Service...
[[0;32m  OK  [0m] Started Network Service.
         Starting Network Name Resolution...
         Starting Wait for Network to be Configured...
[[0;32m  OK  [0m] Started Network Name Resolution.
[[0;32m  OK  [0m] Reached target Host and Network Name Lookups.
[[0;32m  OK  [0m] Reached target Network.
[[0;32m  OK  [0m] Started Wait for Network to be Configured.
         Starting Initial cloud-init job (metadata service crawler)...
[   12.108433] cloud-init[927]: Cloud-init v. 22.4.2-0ubuntu0~18.04.1 running 'init' at Thu, 16 Feb 2023 20:30:17 +0000. Up 12.00 seconds.
[   12.115785] cloud-init[927]: ci-info: ++++++++++++++++++++++++++++++++++++++Net device info++++++++++++++++++++++++++++++++++++++
[   12.121806] cloud-init[927]: ci-info: +--------+------+----------------------------+---------------+--------+-------------------+
[   12.127215] cloud-init[927]: ci-info: | Device |  Up  |          Address           |      Mask     | Scope  |     Hw-Address    |
[   12.132839] cloud-init[927]: ci-info: +--------+------+----------------------------+---------------+--------+-------------------+
[   12.138491] cloud-init[927]: ci-info: | enp0s3 | True |         10.0.2.15          | 255.255.255.0 | global | 02:1d:71:e8:cf:d1 |
[   12.143953] cloud-init[927]: ci-info: | enp0s3 | True | fe80::1d:71ff:fee8:cfd1/64 |       .       |  link  | 02:1d:71:e8:cf:d1 |
[   12.149620] cloud-init[927]: ci-info: |   lo   | True |         127.0.0.1          |   255.0.0.0   |  host  |         .         |
[   12.155231] cloud-init[927]: ci-info: |   lo   | True |          ::1/128           |       .       |  host  |         .         |
[   12.163749] cloud-init[927]: ci-info: +--------+------+----------------------------+---------------+--------+-------------------+
[   12.169801] cloud-init[927]: ci-info: ++++++++++++++++++++++++++++Route IPv4 info+++++++++++++++++++++++++++++
[   12.175022] cloud-init[927]: ci-info: +-------+-------------+----------+-----------------+-----------+-------+
[   12.180419] cloud-init[927]: ci-info: | Route | Destination | Gateway  |     Genmask     | Interface | Flags |
[   12.185642] cloud-init[927]: ci-info: +-------+-------------+----------+-----------------+-----------+-------+
[   12.190777] cloud-init[927]: ci-info: |   0   |   0.0.0.0   | 10.0.2.2 |     0.0.0.0     |   enp0s3  |   UG  |
[   12.196022] cloud-init[927]: ci-info: |   1   |   10.0.2.0  | 0.0.0.0  |  255.255.255.0  |   enp0s3  |   U   |
[   12.201892] cloud-init[927]: ci-info: |   2   |   10.0.2.2  | 0.0.0.0  | 255.255.255.255 |   enp0s3  |   UH  |
[   12.206887] cloud-init[927]: ci-info: +-------+-------------+----------+-----------------+-----------+-------+
[   12.211840] cloud-init[927]: ci-info: +++++++++++++++++++Route IPv6 info+++++++++++++++++++
[   12.216594] cloud-init[927]: ci-info: +-------+-------------+---------+-----------+-------+
[   12.221228] cloud-init[927]: ci-info: | Route | Destination | Gateway | Interface | Flags |
[   12.226027] cloud-init[927]: ci-info: +-------+-------------+---------+-----------+-------+
[   12.232007] cloud-init[927]: ci-info: |   1   |  fe80::/64  |    ::   |   enp0s3  |   U   |
[   12.241636] cloud-init[927]: ci-info: |   3   |    local    |    ::   |   enp0s3  |   U   |
[   12.249033] cloud-init[927]: ci-info: |   4   |   ff00::/8  |    ::   |   enp0s3  |   U   |
[   12.256848] cloud-init[927]: ci-info: +-------+-------------+---------+-----------+-------+
[   12.945959] cloud-init[927]: Generating public/private rsa key pair.
[   12.951003] cloud-init[927]: Your identification has been saved in /etc/ssh/ssh_host_rsa_key.
[   12.955824] cloud-init[927]: Your public key has been saved in /etc/ssh/ssh_host_rsa_key.pub.
[   12.960979] cloud-init[927]: The key fingerprint is:
[   12.964724] cloud-init[927]: SHA256:g6DmNFtk6GNAkhdl2Cscj8rIWv9Kdmz+oRnss4b9yp0 root@ubuntu-bionic
[   12.969582] cloud-init[927]: The key's randomart image is:
[   12.973509] cloud-init[927]: +---[RSA 2048]----+
[   12.977353] cloud-init[927]: |.o.=o            |
[   12.981157] cloud-init[927]: |+ +o.            |
[   12.984944] cloud-init[927]: |.o.++.           |
[   12.988454] cloud-init[927]: | o++o. .         |
[   12.992060] cloud-init[927]: |+.O.. . S        |[[0;32m  OK  [0m] Started Initial cloud-init job (metadata service crawler).
[[0;32m  OK  [0m] Reached target System Initialization.
         Starting LXD - unix socket.
[[0;32m  OK  [0m] Started ACPI Events Check.
         Starting Socket activation for snappy daemon.
[[0;32m  OK  [0m] Listening on Open-iSCSI iscsid Socket.
[[0;32m  OK  [0m] Started Ubuntu Advantage Timer for running repeated jobs.
[[0;32m  OK  [0m] Started Discard unused blocks once a week.
[[0;32m  OK  [0m] Started Daily Cleanup of Temporary Directories.
[[0;32m  OK  [0m] Listening on cloud-init hotplug hook socket.
[[0;32m  OK  [0m] Listening on D-Bus System Message Bus Socket.
[[0;32m  OK  [0m] Reached target Paths.
[[0;32m  OK  [0m] Listening on UUID daemon activation socket.
[[0;32m  OK  [0m] Listening on ACPID Listen Socket.
[[0;32m  OK  [0m] Started Daily apt download activities.
[[0;32m  OK  [0m] Started Message of the Day.
[[0;32m  OK  [0m] Started Daily apt upgrade and clean activities.
[[0;32m  OK  [0m] Reached target Timers.
[[0;32m  OK  [0m] Reached target Cloud-config availability.
[[0;32m  OK  [0m] Reached target Network is Online.
[[0;32m  OK  [0m] Reached target Remote File Systems (Pre).
[[0;32m  OK  [0m] Reached target Remote File Systems.
         Starting Availability of block devices...
[[0;32m  OK  [0m] Listening on LXD - unix socket.
[[0;32m  OK  [0m] Listening on Socket activation for snappy daemon.
[[0;32m  OK  [0m] Reached target Sockets.
[[0;32m  OK  [0m] Reached target Basic System.
         Starting Pollinate to seed the pseudo random number generator...
         Starting LSB: automatic crash report generation...
         Starting System Logging Service...

[   13.041919] cloud-init[927]: |oB.= o   .       |
[   13.046128] cloud-init         Starting Login Service...
[927]: |..o.oo* .        |
[   13.062536] cloud-init[927]: |.  oo*+= o       |
[   13.066562] cloud-init[927]: |    .+X*E        |
[   13.071610] cloud-init[927]: +----[SHA256]-----+
[   13.075673] cloud-init[927]: Generating public/private dsa key pair.
[   13.080253] cloud-init[927]: Your identification has been saved in /etc/ssh/ssh_host_dsa_key.
         Starting Snap Daemon...
[   13.087683]          Starting Permit User Sessions...
[[0;32m  OK  [0m] Started Regular background program processing daemon.
[[0;32m  OK  [0m] Started D-Bus System Message Bus.
cloud-init[927]: Your public key has been saved in /etc/ssh/ssh_host_dsa_key.pub.
[   13.098521] cloud-init[927]: The key fingerprint is:
[   13.109916] cloud-init[927]: SHA256:Or1UfJnfSLGdJQ98OHk/M/WRK14It9LAio5Rxge4rvU root@ubuntu-bionic
[   13.114811] cloud-init[927]: The key's randomart image is:
[   13.120857] cloud-init[927]: +---[DSA 1024]----+
[   13.127289] cloud-init[927]: |      ..         |
[   13.132869] cloud-init[927]: |     .. . .  . o.|
[   13.139272] cloud-init[927]: |      .+ . + .Oo=|
[   13.145737] cloud-init[927]: |     .o o.. =oo@O|
[   13.150392] cloud-init[927]: |    .. .S.o.+=oB=|
[   13.154083] cloud-init[927]: |     o+o . .oooo+|
[   13.158304] cloud-init[927]: |    o.+.o    .o .|
[   13.162888] cloud-init[927]: |   .   E .       |
[   13.168024] cloud-init[927]: |        .        |
[   13.171847] cloud-init[927]: +----[SHA256]-----+
[   13.175935] cloud-init[927]: Generating public/private ecdsa key pair.
[   13.181185] cloud-init[927]: Your identification has been saved in /etc/ssh/ssh_host_ecdsa_key.
[   13.186334] cloud-init[927]: Your public key has been saved in /etc/ssh/ssh_host_ecdsa_key.pub.
[   13.194688] cloud-init[927]: The key fingerprint is:
[   13.201409] cloud-init[927]: SHA256:9PGsIYwXx4lc28d+ppFzZmDjcbr4PV/i8mz4n/XXQEU root@ubuntu-bionic
[   13.206782] cloud-init[927]: The key's randomart image is:
[   13.211761] cloud-init[927]: +---[ECDSA 256]---+
[   13.217051] cloud-init[927]: |          .    .E|
[   13.221369] cloud-init[927]: |       . + + .  .|
[   13.227642] cloud-init[927]: |        = * . B..|
[   13.231887] cloud-init[927]: |       + + + =.B |
[   13.235964] cloud-init[927]: |      . S o o.B *|
[   13.240204] cloud-init[927]: |       . . o ..@ |
[   13.244686] cloud-init[927]: |          . ..+.+|
[   13.249605] [[0;32m  OK  [0m] Started FUSE filesystem for LXC.
cloud-init         Starting Virtualbox guest utils...
[927]: |            o+.+B|
         Starting Accounts Service...
[   13.266366] cloud-init[927]: |             =*oO|
[   13.275780] cloud-init[927]: +----[SHA256]-----+
[   13.279902] cloud-init[927]: Generating public/private ed25519 key pair.
[   13.284792] cloud-init[927]: Your identification has been saved in /etc/ssh/ssh_host_ed25519_key.
[   13.290329] cloud-init[927]: Your public key has been saved in /etc/ssh/ssh_host_ed25519_key.pub.
[   13.295376] cloud-init[927]: The key fingerprint is:
[   13.299380] cloud-init[927]: SHA256:XALjssEYYh27X5NYYgzPyZQdqdf9hvI5kac8dOKuErs root@ubuntu-bionic
[   13.304959] cloud-init[927]: The key's randomart image is:
[   13.310104] cloud-init[927]: +--[ED25519 256]--+
[   13.313895] cloud-init[927]: |..oo..=.o        |
[[0;32m  OK  [0m] Started irqbalance daemon.
[   13.324828] cloud-init[927]: |.. =Oo.=         |
[   13.331292] cloud-init[927]: |  ..+Oo.o o      |
[   13.335405] cloud-init[927]: |    o=+o.+ .     |
[   13.340822] cloud-init[927]: |   ....+S   +    |
[   13.346108] cloud-init[927]: |    . .... * =   |
[   13.347651] cloud-init[927]: |     .  o * O    |
[   13.349238] cloud-init[927]: |       o   O     |
[   13.351277] cloud-init[927]: |       Eo.o.o    |
[   13.353113] cloud-init[927]: +----[SHA256]-----+
         Starting Dispatcher daemon for systemd-networkd...
         Starting LSB: Record successful boot for GRUB...
[[0;32m  OK  [0m] Reached target Login Prompts (Pre).
         Starting LXD - container startup/shutdown...
[[0;32m  OK  [0m] Started Deferred execution scheduler.
[[0;32m  OK  [0m] Started System Logging Service.
[[0;32m  OK  [0m] Started Availability of block devices.
[[0;32m  OK  [0m] Started Permit User Sessions.
[[0;32m  OK  [0m] Started Login Service.
[[0;32m  OK  [0m] Started Unattended Upgrades Shutdown.
         Starting Hold until boot process finishes up...
         Starting Terminate Plymouth Boot Screen...
[[0;32m  OK  [0m] Started Hold until boot process finishes up.
[[0;32m  OK  [0m] Started Terminate Plymouth Boot Screen.
[[0;32m  OK  [0m] Started Serial Getty on ttyS0.
         Starting Set console scheme...
         Starting Authorization Manager...
[[0;32m  OK  [0m] Started LSB: automatic crash report generation.
[[0;32m  OK  [0m] Started Set console scheme.
[[0;32m  OK  [0m] Created slice system-getty.slice.
[[0;32m  OK  [0m] Started Getty on tty1.
[[0;32m  OK  [0m] Reached target Login Prompts.
[[0;32m  OK  [0m] Started Authorization Manager.
[[0;32m  OK  [0m] Started Accounts Service.
[[0;32m  OK  [0m] Started Virtualbox guest utils.
[[0;32m  OK  [0m] Started LSB: Record successful boot for GRUB.
[[0;32m  OK  [0m] Started LXD - container startup/shutdown.
[[0;32m  OK  [0m] Started Dispatcher daemon for systemd-networkd.
[[0;32m  OK  [0m] Started Snap Daemon.
         Starting Wait until snapd is fully seeded...
         Starting Time & Date Service...
[[0;32m  OK  [0m] Started Time & Date Service.
[[0;32m  OK  [0m] Started Pollinate to seed the pseudo random number generator.
         Starting OpenBSD Secure Shell server...
[[0;32m  OK  [0m] Started OpenBSD Secure Shell server.
[[0;32m  OK  [0m] Created slice User Slice of vagrant.
         Starting User Manager for UID 1000...
[[0;32m  OK  [0m] Started Session 1 of user vagrant.
[[0;32m  OK  [0m] Started User Manager for UID 1000.
[[0;32m  OK  [0m] Started Wait until snapd is fully seeded.
         Starting Apply the settings specified in cloud-config...
[   18.331348] cloud-init[1593]: Cloud-init v. 22.4.2-0ubuntu0~18.04.1 running 'modules:config' at Thu, 16 Feb 2023 20:30:23 +0000. Up 17.98 seconds.
[[0;32m  OK  [0m] Started Apply the settings specified in cloud-config.
[[0;32m  OK  [0m] Reached target Multi-User System.
[[0;32m  OK  [0m] Reached target Graphical Interface.
         Starting Update UTMP about System Runlevel Changes...
         Starting Execute cloud user/final scripts...
[[0;32m  OK  [0m] Started Update UTMP about System Runlevel Changes.
ci-info: no authorized SSH keys fingerprints found for user ubuntu.
<14>Feb 16 20:30:24 cloud-init: #############################################################
<14>Feb 16 20:30:24 cloud-init: -----BEGIN SSH HOST KEY FINGERPRINTS-----
<14>Feb 16 20:30:24 cloud-init: 1024 SHA256:Or1UfJnfSLGdJQ98OHk/M/WRK14It9LAio5Rxge4rvU root@ubuntu-bionic (DSA)
<14>Feb 16 20:30:24 cloud-init: 256 SHA256:9PGsIYwXx4lc28d+ppFzZmDjcbr4PV/i8mz4n/XXQEU root@ubuntu-bionic (ECDSA)
<14>Feb 16 20:30:24 cloud-init: 256 SHA256:XALjssEYYh27X5NYYgzPyZQdqdf9hvI5kac8dOKuErs root@ubuntu-bionic (ED25519)
<14>Feb 16 20:30:24 cloud-init: 2048 SHA256:g6DmNFtk6GNAkhdl2Cscj8rIWv9Kdmz+oRnss4b9yp0 root@ubuntu-bionic (RSA)
<14>Feb 16 20:30:24 cloud-init: -----END SSH HOST KEY FINGERPRINTS-----
<14>Feb 16 20:30:24 cloud-init: #############################################################
-----BEGIN SSH HOST KEY KEYS-----
ecdsa-sha2-nistp256 AAAAE2VjZHNhLXNoYTItbmlzdHAyNTYAAAAIbmlzdHAyNTYAAABBBIVpghro1NG50gfhuN5vzZO5SJugd6jzf8kd/a8Q0jr3agRbPGLtW884Kq75mNNWpjU4jOI4agMAlG5QFE2onMk= root@ubuntu-bionic
ssh-ed25519 AAAAC3NzaC1lZDI1NTE5AAAAIHRH6W6Gb7G+wOVZiLIL5lbDqTJICxYa7G2sGEpwClEJ root@ubuntu-bionic
ssh-rsa AAAAB3NzaC1yc2EAAAADAQABAAABAQC8S9hgaK5bxcDdO1vvnqsjoaLd8XyHJSHTYgiRf6J6llj9GYdFrBUCt37sRzT3N2OCj2EQctUHYVmal2j+dZbQPEs6+Fn+umVP1gVNRDYHm4BLfpTkk29ASSlJ4B7D4cQMqfIaIVvMxYycAXQT7WOyIauNyZPMkRbXyiFiW3jHuuH0Yy68iy290Jwp9gdPWUDbHiyAMp9Q7kbi/O3FU9Srg/5Mi9vRuGFhTuUaIE5TQncNaIvpsII9E4IUP7tAQ9ixCAVxNG6GKAsQdAcq/vo4ENICJP15Q37OvZl3AYALQOadh8elbHI3a5YwBPlsKW8Z/FuT/+snKY3m1LBn2n3D root@ubuntu-bionic
-----END SSH HOST KEY KEYS-----
[   18.961439] cloud-init[1743]: Cloud-init v. 22.4.2-0ubuntu0~18.04.1 running 'modules:final' at Thu, 16 Feb 2023 20:30:24 +0000. Up 18.76 seconds.
[   18.967444] cloud-init[1743]: Cloud-init v. 22.4.2-0ubuntu0~18.04.1 finished at Thu, 16 Feb 2023 20:30:24 +0000. Datasource DataSourceNoCloud [seed=/dev/sdb][dsmode=net].  Up 18.94 seconds

Ubuntu 18.04.6 LTS ubuntu-bionic ttyS0

ubuntu-bionic login: 